<?xml version="1.0" encoding="UTF-8"?>
<testsuite xmlns:xsi="http://www.w3.org/2001/XMLSchema-instance" xsi:noNamespaceSchemaLocation="https://maven.apache.org/surefire/maven-surefire-plugin/xsd/surefire-test-report.xsd" name="AppTest" time="0.004" tests="1" errors="1" skipped="0" failures="0">
  <properties>
[...]
</properties>
  <testcase name="AppTest" classname="com.metlife.AppTest" time="0.003">
    <error message="Suite [com.metlife.AppTest] did not discover any tests" type="org.junit.platform.suite.engine.NoTestsDiscoveredException">org.junit.platform.suite.engine.NoTestsDiscoveredException: Suite [com.metlife.AppTest] did not discover any tests
</error>
  </testcase>
</testsuite>