<?xml version="1.0" encoding="UTF-8"?>
<testng-results ignored="0" total="1" passed="1" failed="0" skipped="0">
  <reporter-output>
  </reporter-output>
  <suite started-at="2023-10-10T13:56:16 IST" name="All Test Suite" finished-at="2023-10-10T13:56:32 IST" duration-ms="16277">
    <groups>
    </groups>
    <test started-at="2023-10-10T13:56:16 IST" name="homeinsurance" finished-at="2023-10-10T13:56:32 IST" duration-ms="16277">
      <class name="com.metlife.HomeInsuranceApp">
        <test-method is-config="true" signature="setup()[pri:0, instance:com.metlife.HomeInsuranceApp@1ffaf86]" started-at="2023-10-10T13:56:16 IST" name="setup" finished-at="2023-10-10T13:56:23 IST" duration-ms="6972" status="PASS">
          <reporter-output>
          </reporter-output>
        </test-method> <!-- setup -->
        <test-method signature="testGoogle()[pri:0, instance:com.metlife.HomeInsuranceApp@1ffaf86]" started-at="2023-10-10T13:56:23 IST" name="testGoogle" finished-at="2023-10-10T13:56:32 IST" duration-ms="9226" status="PASS">
          <reporter-output>
          </reporter-output>
        </test-method> <!-- testGoogle -->
      </class> <!-- com.metlife.HomeInsuranceApp -->
    </test> <!-- homeinsurance -->
  </suite> <!-- All Test Suite -->
</testng-results>
