<?xml version="1.0" encoding="UTF-8"?>
<testng-results ignored="0" total="2" passed="2" failed="0" skipped="0">
  <reporter-output>
  </reporter-output>
  <suite started-at="2023-10-02T08:14:03 IST" name="Surefire suite" finished-at="2023-10-02T08:14:03 IST" duration-ms="72">
    <groups>
    </groups>
    <test started-at="2023-10-02T08:14:03 IST" name="Surefire test" finished-at="2023-10-02T08:14:03 IST" duration-ms="72">
      <class name="com.metlife.AppTest">
        <test-method signature="test(java.lang.String)[pri:0, instance:com.metlife.AppTest@bccb269]" started-at="2023-10-02T08:14:03 IST" name="test" data-provider="data" finished-at="2023-10-02T08:14:03 IST" duration-ms="5" status="PASS">
          <params>
            <param index="0">
              <value>
                <![CDATA[data1]]>
              </value>
            </param>
          </params>
          <reporter-output>
          </reporter-output>
        </test-method> <!-- test -->
        <test-method signature="test(java.lang.String)[pri:0, instance:com.metlife.AppTest@bccb269]" started-at="2023-10-02T08:14:03 IST" name="test" data-provider="data" finished-at="2023-10-02T08:14:03 IST" duration-ms="1" status="PASS">
          <params>
            <param index="0">
              <value>
                <![CDATA[data2]]>
              </value>
            </param>
          </params>
          <reporter-output>
          </reporter-output>
        </test-method> <!-- test -->
      </class> <!-- com.metlife.AppTest -->
    </test> <!-- Surefire test -->
  </suite> <!-- Surefire suite -->
</testng-results>
