<?xml version="1.0" encoding="UTF-8"?>
<testng-results ignored="0" total="1" passed="1" failed="0" skipped="0">
  <reporter-output>
  </reporter-output>
  <suite started-at="2023-10-11T11:37:31 IST" name="All Test Suite" finished-at="2023-10-11T11:37:39 IST" duration-ms="8481">
    <groups>
    </groups>
    <test started-at="2023-10-11T11:37:31 IST" name="vehicleinsurance" finished-at="2023-10-11T11:37:39 IST" duration-ms="8481">
      <class name="com.metlife.VehicleInsuranceApp">
        <test-method is-config="true" signature="setup()[pri:0, instance:com.metlife.VehicleInsuranceApp@1ffaf86]" started-at="2023-10-11T11:37:31 IST" name="setup" finished-at="2023-10-11T11:37:35 IST" duration-ms="4542" status="PASS">
          <reporter-output>
          </reporter-output>
        </test-method> <!-- setup -->
        <test-method signature="testGoogle()[pri:0, instance:com.metlife.VehicleInsuranceApp@1ffaf86]" started-at="2023-10-11T11:37:35 IST" name="testGoogle" finished-at="2023-10-11T11:37:39 IST" duration-ms="3880" status="PASS">
          <reporter-output>
          </reporter-output>
        </test-method> <!-- testGoogle -->
      </class> <!-- com.metlife.VehicleInsuranceApp -->
    </test> <!-- vehicleinsurance -->
  </suite> <!-- All Test Suite -->
</testng-results>
