<?xml version="1.0" encoding="UTF-8"?>
<!-- Generated by org.testng.reporters.JUnitXMLReporter -->
<testsuite ignored="0" hostname="DESKTOP-55AGI0I" failures="0" tests="6" name="testngscenario" time="28.947" errors="0" timestamp="2023-10-09T17:35:05 IST">
  <testcase classname="com.metlife.App" name="testLoginForm" time="7.591"/>
  <testcase classname="com.metlife.App" name="testLoginForm" time="2.474"/>
  <testcase classname="com.metlife.App" name="testLoginForm" time="2.649"/>
  <testcase classname="com.metlife.App" name="testLoginForm" time="3.382"/>
  <testcase classname="com.metlife.App" name="testLoginForm" time="2.209"/>
  <testcase classname="com.metlife.App" name="testTitle" time="3.138"/>
</testsuite> <!-- testngscenario -->
