<?xml version="1.0" encoding="UTF-8"?>
<testng-results ignored="0" total="1" passed="1" failed="0" skipped="0">
  <reporter-output>
  </reporter-output>
  <suite started-at="2023-10-10T09:50:22 IST" name="All Test Suite" finished-at="2023-10-10T09:50:32 IST" duration-ms="9637">
    <groups>
    </groups>
    <test started-at="2023-10-10T09:50:22 IST" name="assetscenario" finished-at="2023-10-10T09:50:32 IST" duration-ms="9637">
      <class name="com.metlife.AssetApp">
        <test-method is-config="true" signature="setup()[pri:0, instance:com.metlife.AssetApp@1ffaf86]" started-at="2023-10-10T09:50:23 IST" name="setup" finished-at="2023-10-10T09:50:29 IST" duration-ms="6294" status="PASS">
          <reporter-output>
          </reporter-output>
        </test-method> <!-- setup -->
        <test-method signature="testPython()[pri:0, instance:com.metlife.AssetApp@1ffaf86]" started-at="2023-10-10T09:50:29 IST" name="testPython" finished-at="2023-10-10T09:50:32 IST" duration-ms="3267" status="PASS">
          <reporter-output>
          </reporter-output>
        </test-method> <!-- testPython -->
      </class> <!-- com.metlife.AssetApp -->
    </test> <!-- assetscenario -->
  </suite> <!-- All Test Suite -->
</testng-results>
