<?xml version="1.0" encoding="UTF-8"?>
<testng-results ignored="0" total="1" passed="1" failed="0" skipped="0">
  <reporter-output>
  </reporter-output>
  <suite started-at="2023-10-10T09:50:01 IST" name="All Test Suite" finished-at="2023-10-10T09:50:15 IST" duration-ms="13411">
    <groups>
    </groups>
    <test started-at="2023-10-10T09:50:01 IST" name="netscenario" finished-at="2023-10-10T09:50:15 IST" duration-ms="13411">
      <class name="com.metlife.NetBankingApp">
        <test-method is-config="true" signature="setup()[pri:0, instance:com.metlife.NetBankingApp@1ffaf86]" started-at="2023-10-10T09:50:01 IST" name="setup" finished-at="2023-10-10T09:50:09 IST" duration-ms="7444" status="PASS">
          <reporter-output>
          </reporter-output>
        </test-method> <!-- setup -->
        <test-method signature="testRediff()[pri:0, instance:com.metlife.NetBankingApp@1ffaf86]" started-at="2023-10-10T09:50:09 IST" name="testRediff" finished-at="2023-10-10T09:50:15 IST" duration-ms="5867" status="PASS">
          <reporter-output>
          </reporter-output>
        </test-method> <!-- testRediff -->
      </class> <!-- com.metlife.NetBankingApp -->
    </test> <!-- netscenario -->
  </suite> <!-- All Test Suite -->
</testng-results>
